mar 14 oct 2025 09:00:01 CEST
echo "Destinatarios = luismiravalles@gmail.com"
Destinatarios = luismiravalles@gmail.com
docker compose stop
 Container imserso-selenium-1  Stopping
 Container imserso-selenium-1  Stopped
docker compose  up -d --remove-orphans	
 Container imserso-selenium-1  Created
 Container imserso-selenium-1  Starting
 Container imserso-selenium-1  Started

-------------------------------------------------------
 T E S T S
-------------------------------------------------------
Running TestTurismoSocial
Construyendo WebTest con entorno 'IC'
Obteniendo el driver...
Obteniendo driver remoto de la URL http://selenium:4444/wd/hub
Oct 14, 2025 9:00:27 AM org.openqa.selenium.remote.tracing.opentelemetry.OpenTelemetryTracer createTracer
INFO: Using OpenTelemetry for tracing
SLF4J: Failed to load class "org.slf4j.impl.StaticLoggerBinder".
SLF4J: Defaulting to no-operation (NOP) logger implementation
SLF4J: See http://www.slf4j.org/codes.html#StaticLoggerBinder for further details.
Driver remoto obtenido http://selenium:4444/wd/hub

=============================================================================
Buscando desde QOC_ORI:Oviedo en COS:Costas null Transporte null listaEspera true disponible true ...
==> Hemos navegado a turismosocial.es
==> Aceptadas las cookies.
==> Ahora estamos dentro de Programación
==> Seleccionado origen QOC_ORI:Oviedo
==> Eligiendo zona COS:Costas
==> Elegiza zona COS:Costas
==> Eligiendo provincia ALICANTE_COS:Alicante
==> Elegida provincia ALICANTE_COS:Alicante
==> Pulsado Buscar
==> Eligiendo provincia ALMERIA_COS:Almería
==> Elegida provincia ALMERIA_COS:Almería
==> Pulsado Buscar
==> ATENCION: Hay algo disponible en Almería fecha: 2026-03-13
==> Eligiendo provincia CADIZ_COS:Cádiz
==> No existen destinos para la provincia Cádiz

=============================================================================
Buscando desde SDR_ORI:Santander en COS:Costas null Transporte null listaEspera true disponible true ...
==> Hemos navegado a turismosocial.es
==> Ahora estamos dentro de Programación
==> Seleccionado origen SDR_ORI:Santander
==> Eligiendo zona COS:Costas
==> Elegiza zona COS:Costas
==> Eligiendo provincia ALICANTE_COS:Alicante
==> Elegida provincia ALICANTE_COS:Alicante
==> Pulsado Buscar
==> Eligiendo provincia ALMERIA_COS:Almería
==> Elegida provincia ALMERIA_COS:Almería
==> Pulsado Buscar
==> Eligiendo provincia CADIZ_COS:Cádiz
==> Elegida provincia CADIZ_COS:Cádiz
==> Pulsado Buscar
==> Eligiendo provincia BARCELONA_COS:Barcelona
==> Elegida provincia BARCELONA_COS:Barcelona
==> Pulsado Buscar
==> ATENCION: Hay algo disponible en Barcelona fecha: 2026-03-01
==> Eligiendo provincia CASTELLON_COS:Castellón
==> Elegida provincia CASTELLON_COS:Castellón
==> Pulsado Buscar
==> ATENCION: Hay algo disponible en Castellón fecha: 2026-02-05
==> Eligiendo provincia GIRONA_COS:Girona
==> Elegida provincia GIRONA_COS:Girona
==> Pulsado Buscar
==> Eligiendo provincia HUELVA_COS:Huelva
==> Elegida provincia HUELVA_COS:Huelva
==> Pulsado Buscar
==> Eligiendo provincia MALAGA_COS:Málaga
==> No existen destinos para la provincia Málaga
Tests run: 1, Failures: 0, Errors: 0, Skipped: 0, Time elapsed: 89.814 sec

Results :

Tests run: 1, Failures: 0, Errors: 0, Skipped: 0

echo "Destinatarios = luismiravalles@gmail.com"
Destinatarios = luismiravalles@gmail.com
docker compose stop
 Container imserso-selenium-1  Stopping
 Container imserso-selenium-1  Stopped
docker compose  up -d --remove-orphans	
 Container imserso-selenium-1  Created
 Container imserso-selenium-1  Starting
 Container imserso-selenium-1  Started

-------------------------------------------------------
 T E S T S
-------------------------------------------------------
Running TestTurismoSocial
Construyendo WebTest con entorno 'IC'
Obteniendo el driver...
Obteniendo driver remoto de la URL http://selenium:4444/wd/hub
Oct 14, 2025 9:02:24 AM org.openqa.selenium.remote.tracing.opentelemetry.OpenTelemetryTracer createTracer
INFO: Using OpenTelemetry for tracing
SLF4J: Failed to load class "org.slf4j.impl.StaticLoggerBinder".
SLF4J: Defaulting to no-operation (NOP) logger implementation
SLF4J: See http://www.slf4j.org/codes.html#StaticLoggerBinder for further details.
Driver remoto obtenido http://selenium:4444/wd/hub

=============================================================================
Buscando desde OVD:Oviedo en ISL_ZONCAN_ISL:Canarias ISL_FUE_ISL:Fuerteventura Transporte null listaEspera false disponible true ...
==> Hemos navegado a mundicolor.es
==> Aceptadas las cookies.
==> Ahora estamos dentro de Programación
==> Seleccionado origen OVD:Oviedo
==> Eligiendo zona ISL_ZONCAN_ISL:Canarias
==> Elegiza zona ISL_ZONCAN_ISL:Canarias
==> Eligiendo provincia ISL_FUE_ISL:Fuerteventura
==> Elegida provincia ISL_FUE_ISL:Fuerteventura
==> Pulsado Buscar
==> Fin Busqueda en zona ISL_ZONCAN_ISL:Canarias

=============================================================================
Buscando desde OVD:Oviedo en ISL_ZONCAN_ISL:Canarias ISL_LPA_ISL:Gran Canaria Transporte null listaEspera false disponible true ...
==> Hemos navegado a mundicolor.es
==> Ahora estamos dentro de Programación
==> Seleccionado origen OVD:Oviedo
==> Eligiendo zona ISL_ZONCAN_ISL:Canarias
==> Elegiza zona ISL_ZONCAN_ISL:Canarias
==> Eligiendo provincia ISL_LPA_ISL:Gran Canaria
==> Elegida provincia ISL_LPA_ISL:Gran Canaria
==> Pulsado Buscar
==> Fin Busqueda en zona ISL_ZONCAN_ISL:Canarias

=============================================================================
Buscando desde OVD:Oviedo en ISL_ZONCAN_ISL:Canarias ISL_TEN_ISL:Tenerife Transporte null listaEspera false disponible true ...
==> Hemos navegado a mundicolor.es
==> Ahora estamos dentro de Programación
==> Seleccionado origen OVD:Oviedo
==> Eligiendo zona ISL_ZONCAN_ISL:Canarias
==> Elegiza zona ISL_ZONCAN_ISL:Canarias
==> Eligiendo provincia ISL_TEN_ISL:Tenerife
==> Elegida provincia ISL_TEN_ISL:Tenerife
==> Pulsado Buscar
==> Fin Busqueda en zona ISL_ZONCAN_ISL:Canarias

=============================================================================
Buscando desde SDR:Santander en ISL_ZONCAN_ISL:Canarias ISL_FUE_ISL:Fuerteventura Transporte null listaEspera false disponible true ...
==> Hemos navegado a mundicolor.es
==> Ahora estamos dentro de Programación
==> Seleccionado origen SDR:Santander
==> Eligiendo zona ISL_ZONCAN_ISL:Canarias
==> Elegiza zona ISL_ZONCAN_ISL:Canarias
==> Eligiendo provincia ISL_FUE_ISL:Fuerteventura
==> Elegida provincia ISL_FUE_ISL:Fuerteventura
==> Pulsado Buscar
==> Fin Busqueda en zona ISL_ZONCAN_ISL:Canarias

=============================================================================
Buscando desde SDR:Santander en ISL_ZONCAN_ISL:Canarias ISL_LPA_ISL:Gran Canaria Transporte null listaEspera false disponible true ...
==> Hemos navegado a mundicolor.es
==> Ahora estamos dentro de Programación
==> Seleccionado origen SDR:Santander
==> Eligiendo zona ISL_ZONCAN_ISL:Canarias
==> Elegiza zona ISL_ZONCAN_ISL:Canarias
==> Eligiendo provincia ISL_LPA_ISL:Gran Canaria
==> Elegida provincia ISL_LPA_ISL:Gran Canaria
==> Pulsado Buscar
==> Fin Busqueda en zona ISL_ZONCAN_ISL:Canarias

=============================================================================
Buscando desde SDR:Santander en ISL_ZONCAN_ISL:Canarias ISL_TEN_ISL:Tenerife Transporte null listaEspera false disponible true ...
==> Hemos navegado a mundicolor.es
==> Ahora estamos dentro de Programación
==> Seleccionado origen SDR:Santander
==> Eligiendo zona ISL_ZONCAN_ISL:Canarias
==> Elegiza zona ISL_ZONCAN_ISL:Canarias
==> Eligiendo provincia ISL_TEN_ISL:Tenerife
==> Elegida provincia ISL_TEN_ISL:Tenerife
==> Pulsado Buscar
==> Fin Busqueda en zona ISL_ZONCAN_ISL:Canarias

=============================================================================
Buscando desde OVD:Oviedo en ISL_ZONBAL_ISL:Baleares ISL_MAL_ISL:Mallorca Transporte null listaEspera false disponible true ...
==> Hemos navegado a mundicolor.es
==> Ahora estamos dentro de Programación
==> Seleccionado origen OVD:Oviedo
==> Eligiendo zona ISL_ZONBAL_ISL:Baleares
==> Elegiza zona ISL_ZONBAL_ISL:Baleares
==> Eligiendo provincia ISL_MAL_ISL:Mallorca
==> Elegida provincia ISL_MAL_ISL:Mallorca
==> Pulsado Buscar
==> ATENCION: Hay algo disponible en Mallorca fecha: 2025-11-16
==> Fin Busqueda en zona ISL_ZONBAL_ISL:Baleares

=============================================================================
Buscando desde SDR:Santander en ISL_ZONBAL_ISL:Baleares ISL_MAL_ISL:Mallorca Transporte null listaEspera false disponible true ...
==> Hemos navegado a mundicolor.es
==> Ahora estamos dentro de Programación
==> Seleccionado origen SDR:Santander
==> Eligiendo zona ISL_ZONBAL_ISL:Baleares
==> Elegiza zona ISL_ZONBAL_ISL:Baleares
==> Eligiendo provincia ISL_MAL_ISL:Mallorca
==> Elegida provincia ISL_MAL_ISL:Mallorca
==> Pulsado Buscar
==> Fin Busqueda en zona ISL_ZONBAL_ISL:Baleares
Tests run: 1, Failures: 0, Errors: 0, Skipped: 0, Time elapsed: 142.616 sec

Results :

Tests run: 1, Failures: 0, Errors: 0, Skipped: 0

echo "Destinatarios = luismiravalles@gmail.com"
Destinatarios = luismiravalles@gmail.com
docker compose stop
 Container imserso-selenium-1  Stopping
 Container imserso-selenium-1  Stopped
docker compose  up -d --remove-orphans	
 Container imserso-selenium-1  Created
 Container imserso-selenium-1  Starting
 Container imserso-selenium-1  Started

-------------------------------------------------------
 T E S T S
-------------------------------------------------------
Running TestTurismoSocial
Construyendo WebTest con entorno 'IC'
Obteniendo el driver...
Obteniendo driver remoto de la URL http://selenium:4444/wd/hub
Oct 14, 2025 9:05:14 AM org.openqa.selenium.remote.tracing.opentelemetry.OpenTelemetryTracer createTracer
INFO: Using OpenTelemetry for tracing
SLF4J: Failed to load class "org.slf4j.impl.StaticLoggerBinder".
SLF4J: Defaulting to no-operation (NOP) logger implementation
SLF4J: See http://www.slf4j.org/codes.html#StaticLoggerBinder for further details.
Driver remoto obtenido http://selenium:4444/wd/hub

=============================================================================
Buscando desde null en CP:Capitales de provincia null Transporte no:Sin Transporte listaEspera false disponible true ...
==> Hemos navegado a turismosocial.es
==> Aceptadas las cookies.
==> Ahora estamos dentro de Programación
==> Seleccionado Transporte no:Sin Transporte
==> Eligiendo zona CP:Capitales de provincia
==> Elegiza zona CP:Capitales de provincia
==> Eligiendo provincia CANTABRIA_CP:Santander
==> Elegida provincia CANTABRIA_CP:Santander
==> Pulsado Buscar
==> Eligiendo provincia ORENSE_CP:Orense
==> Elegida provincia ORENSE_CP:Orense
==> Pulsado Buscar
==> Eligiendo provincia NAVARRA_CP:Navarra
==> Elegida provincia NAVARRA_CP:Navarra
==> Pulsado Buscar
==> Eligiendo provincia CORUNA_CP:Coruña
==> Elegida provincia CORUNA_CP:Coruña
==> Pulsado Buscar
==> ATENCION: Hay algo disponible en Coruña fecha: 2025-10-30
==> Fin Busqueda en zona CP:Capitales de provincia
Tests run: 1, Failures: 0, Errors: 0, Skipped: 0, Time elapsed: 43.418 sec

Results :

Tests run: 1, Failures: 0, Errors: 0, Skipped: 0

mar 14 oct 2025 09:05:58 CEST
